[INFO] Scanning for projects...
[INFO] Inspecting build with total of 1 modules...
[INFO] Installing Nexus Staging features:
[INFO]   ... total of 1 executions of maven-deploy-plugin replaced with nexus-staging-maven-plugin
[INFO] 
[INFO] --------------------< net.bytebuddy:byte-buddy-dep >--------------------
[INFO] Building Byte Buddy (with dependencies) 1.14.10-SNAPSHOT
[INFO] --------------------------------[ jar ]---------------------------------
[INFO] 
[INFO] >>> nondex-maven-plugin:2.1.1:nondex (default-cli) > test-compile @ byte-buddy-dep >>>
[INFO] 
[INFO] --- maven-resources-plugin:3.2.0:resources (default-resources) @ byte-buddy-dep ---
[INFO] Using 'UTF-8' encoding to copy filtered resources.
[INFO] Using 'UTF-8' encoding to copy filtered properties files.
[INFO] skip non existing resourceDirectory /home/steve/byte-buddy/byte-buddy-dep/src/main/resources
[INFO] Copying 2 resources to META-INF
[INFO] Copying 9 resources
[INFO] 
[INFO] --- maven-compiler-plugin:3.10.1:compile (default-compile) @ byte-buddy-dep ---
[INFO] Nothing to compile - all classes are up to date
[INFO] 
[INFO] --- byte-buddy-maven-plugin:1.14.6:transform (default) @ byte-buddy-dep ---
[INFO] Resolving transformer dependency: MavenCoordinate{groupId='net.bytebuddy', artifactId='byte-buddy', version='1.14.6', packaging='jar'}
[INFO] Resolved plugin: net.bytebuddy.build.HashCodeAndEqualsPlugin$WithNonNullableFields
[INFO] Resolved plugin: net.bytebuddy.build.CachedReturnPlugin
[INFO] Resolved plugin: net.bytebuddy.build.AccessControllerPlugin
[INFO] Resolved plugin: net.bytebuddy.build.DispatcherAnnotationPlugin
[INFO] Resolved plugin: net.bytebuddy.build.RepeatedAnnotationPlugin
[INFO] Resolved entry point: REDEFINE
[INFO] Processing class files located in in: /home/steve/byte-buddy/byte-buddy-dep/target/classes
[INFO] Transformed 1 type(s)
[INFO] 
[INFO] --- maven-resources-plugin:3.2.0:testResources (default-testResources) @ byte-buddy-dep ---
[INFO] Using 'UTF-8' encoding to copy filtered resources.
[INFO] Using 'UTF-8' encoding to copy filtered properties files.
[INFO] Copying 1 resource
[INFO] Copying 1 resource
[INFO] Copying 1 resource
[INFO] Copying 15 resources
[INFO] Copying 34 resources
[INFO] Copying 1 resource
[INFO] Copying 2 resources
[INFO] Copying 2 resources
[INFO] Copying 5 resources
[INFO] 
[INFO] --- maven-compiler-plugin:3.10.1:testCompile (default-testCompile) @ byte-buddy-dep ---
[INFO] Changes detected - recompiling the module!
[INFO] Compiling 764 source files to /home/steve/byte-buddy/byte-buddy-dep/target/test-classes
[INFO] 
[INFO] <<< nondex-maven-plugin:2.1.1:nondex (default-cli) < test-compile @ byte-buddy-dep <<<
[INFO] 
[INFO] 
[INFO] --- nondex-maven-plugin:2.1.1:nondex (default-cli) @ byte-buddy-dep ---
INFO: The original argline is: 
INFO: Adding NonDex argLine to existing argLine specified by the project
CONFIG: nondexFilter=.*
nondexMode=FULL
nondexSeed=933178
nondexStart=0
nondexEnd=9223372036854775807
nondexPrintstack=false
nondexDir=/home/steve/byte-buddy/byte-buddy-dep/.nondex
nondexJarDir=.nondex
nondexExecid=clean_ERozj6BxSpd1FOpOef0rogbTYoCbfuy7k0dhqLiXQzU=
nondexLogging=CONFIG
test=
[INFO] 
[INFO] -------------------------------------------------------
[INFO]  T E S T S
[INFO] -------------------------------------------------------
[INFO] Running net.bytebuddy.description.type.TypeDescriptionForLoadedTypeTest
[INFO] Tests run: 1, Failures: 0, Errors: 0, Skipped: 0, Time elapsed: 0.262 s - in net.bytebuddy.description.type.TypeDescriptionForLoadedTypeTest
[INFO] 
[INFO] Results:
[INFO] 
[INFO] Tests run: 1, Failures: 0, Errors: 0, Skipped: 0
[INFO] 
INFO: Adding excluded groups to newly created one
INFO: Adding NonDex argLine to existing argLine specified by the project
CONFIG: nondexFilter=.*
nondexMode=FULL
nondexSeed=933178
nondexStart=0
nondexEnd=9223372036854775807
nondexPrintstack=false
nondexDir=/home/steve/byte-buddy/byte-buddy-dep/.nondex
nondexJarDir=/home/steve/byte-buddy/byte-buddy-dep/.nondex
nondexExecid=uXPDEH6ylHwmycAqKcmZK3VHDQhjwu1No62+2t34Kw=
nondexLogging=CONFIG
test=
[INFO] 
[INFO] -------------------------------------------------------
[INFO]  T E S T S
[INFO] -------------------------------------------------------
[INFO] Running net.bytebuddy.description.type.TypeDescriptionForLoadedTypeTest
[INFO] Tests run: 1, Failures: 0, Errors: 0, Skipped: 0, Time elapsed: 0.211 s - in net.bytebuddy.description.type.TypeDescriptionForLoadedTypeTest
[INFO] 
[INFO] Results:
[INFO] 
[INFO] Tests run: 1, Failures: 0, Errors: 0, Skipped: 0
[INFO] 
INFO: Adding excluded groups to newly created one
INFO: Adding NonDex argLine to existing argLine specified by the project
CONFIG: nondexFilter=.*
nondexMode=FULL
nondexSeed=974622
nondexStart=0
nondexEnd=9223372036854775807
nondexPrintstack=false
nondexDir=/home/steve/byte-buddy/byte-buddy-dep/.nondex
nondexJarDir=/home/steve/byte-buddy/byte-buddy-dep/.nondex
nondexExecid=eO2JoFxZgmjb6wy4JDZYbJvQsr0dHtBzoRVpHluDFw=
nondexLogging=CONFIG
test=
[INFO] 
[INFO] -------------------------------------------------------
[INFO]  T E S T S
[INFO] -------------------------------------------------------
[INFO] Running net.bytebuddy.description.type.TypeDescriptionForLoadedTypeTest
[INFO] Tests run: 1, Failures: 0, Errors: 0, Skipped: 0, Time elapsed: 0.187 s - in net.bytebuddy.description.type.TypeDescriptionForLoadedTypeTest
[INFO] 
[INFO] Results:
[INFO] 
[INFO] Tests run: 1, Failures: 0, Errors: 0, Skipped: 0
[INFO] 
INFO: Adding excluded groups to newly created one
INFO: Adding NonDex argLine to existing argLine specified by the project
CONFIG: nondexFilter=.*
nondexMode=FULL
nondexSeed=1016066
nondexStart=0
nondexEnd=9223372036854775807
nondexPrintstack=false
nondexDir=/home/steve/byte-buddy/byte-buddy-dep/.nondex
nondexJarDir=/home/steve/byte-buddy/byte-buddy-dep/.nondex
nondexExecid=vlc7LtB8+4ChQCzWpc4+91k3KFadwkkIXuB6g7dYDVM=
nondexLogging=CONFIG
test=
[INFO] 
[INFO] -------------------------------------------------------
[INFO]  T E S T S
[INFO] -------------------------------------------------------
[INFO] Running net.bytebuddy.description.type.TypeDescriptionForLoadedTypeTest
[ERROR] Tests run: 1, Failures: 1, Errors: 0, Skipped: 0, Time elapsed: 0.212 s <<< FAILURE! - in net.bytebuddy.description.type.TypeDescriptionForLoadedTypeTest
[ERROR] testTypeAnnotationExceptionType(net.bytebuddy.description.type.TypeDescriptionForLoadedTypeTest)  Time elapsed: 0.211 s  <<< FAILURE!
java.lang.AssertionError: 

Expected: is <NON_GENERIC>
     but: was <VARIABLE>

[INFO] 
[INFO] Results:
[INFO] 
[ERROR] Failures: 
[ERROR]   TypeDescriptionForLoadedTypeTest>AbstractTypeDescriptionGenericTest.testTypeAnnotationExceptionType:1448 
Expected: is <NON_GENERIC>
     but: was <VARIABLE>
[INFO] 
[ERROR] Tests run: 1, Failures: 1, Errors: 0, Skipped: 0
[INFO] 
INFO: Surefire failed when running tests for vlc7LtB8+4ChQCzWpc4+91k3KFadwkkIXuB6g7dYDVM=
[INFO] NonDex SUMMARY:
[INFO] *********
[INFO] mvn nondex:nondex  -DnondexFilter='.*' -DnondexMode=FULL -DnondexSeed=933178 -DnondexStart=0 -DnondexEnd=9223372036854775807 -DnondexPrintstack=false -DnondexDir="/home/steve/byte-buddy/byte-buddy-dep/.nondex" -DnondexJarDir="/home/steve/byte-buddy/byte-buddy-dep/.nondex" -DnondexExecid=uXPDEH6ylHwmycAqKcmZK3VHDQhjwu1No62+2t34Kw= -DnondexLogging=CONFIG
[INFO] No Test Failed with this configuration.
[INFO] *********
[INFO] *********
[INFO] mvn nondex:nondex  -DnondexFilter='.*' -DnondexMode=FULL -DnondexSeed=974622 -DnondexStart=0 -DnondexEnd=9223372036854775807 -DnondexPrintstack=false -DnondexDir="/home/steve/byte-buddy/byte-buddy-dep/.nondex" -DnondexJarDir="/home/steve/byte-buddy/byte-buddy-dep/.nondex" -DnondexExecid=eO2JoFxZgmjb6wy4JDZYbJvQsr0dHtBzoRVpHluDFw= -DnondexLogging=CONFIG
[INFO] No Test Failed with this configuration.
[INFO] *********
[INFO] *********
[INFO] mvn nondex:nondex  -DnondexFilter='.*' -DnondexMode=FULL -DnondexSeed=1016066 -DnondexStart=0 -DnondexEnd=9223372036854775807 -DnondexPrintstack=false -DnondexDir="/home/steve/byte-buddy/byte-buddy-dep/.nondex" -DnondexJarDir="/home/steve/byte-buddy/byte-buddy-dep/.nondex" -DnondexExecid=vlc7LtB8+4ChQCzWpc4+91k3KFadwkkIXuB6g7dYDVM= -DnondexLogging=CONFIG
[INFO] No Test Failed with this configuration.
[INFO] *********
[INFO] All tests pass without NonDex shuffling
[INFO] ####################
[INFO] Across all seeds:
[INFO] Test results can be found at: 
[INFO] file:///home/steve/byte-buddy/byte-buddy-dep/.nondex/uXPDEH6ylHwmycAqKcmZK3VHDQhjwu1No62+2t34Kw=/test_results.html
[INFO] [NonDex] The id of this run is: uXPDEH6ylHwmycAqKcmZK3VHDQhjwu1No62+2t34Kw=
[INFO] ------------------------------------------------------------------------
[INFO] BUILD FAILURE
[INFO] ------------------------------------------------------------------------
[INFO] Total time:  17.545 s
[INFO] Finished at: 2023-10-25T18:22:56-04:00
[INFO] ------------------------------------------------------------------------
[ERROR] Failed to execute goal edu.illinois:nondex-maven-plugin:2.1.1:nondex (default-cli) on project byte-buddy-dep: Unable to execute mojo: There are test failures.
[ERROR] 
[ERROR] Please refer to /home/steve/byte-buddy/byte-buddy-dep/target/surefire-reports for the individual test results.
[ERROR] Please refer to dump files (if any exist) [date].dump, [date]-jvmRun[N].dump and [date].dumpstream.
[ERROR] -> [Help 1]
[ERROR] 
[ERROR] To see the full stack trace of the errors, re-run Maven with the -e switch.
[ERROR] Re-run Maven using the -X switch to enable full debug logging.
[ERROR] 
[ERROR] For more information about the errors and possible solutions, please read the following articles:
[ERROR] [Help 1] http://cwiki.apache.org/confluence/display/MAVEN/MojoExecutionException
